<?xml version="1.0" encoding="UTF-8"?>
<robot generator="Robot 6.1.1 (Python 3.8.2 on win32)" generated="20240520 10:25:15.023" rpa="false" schemaversion="4">
<suite id="s1" name="pythonProject1" source="C:\Users\masen\PycharmProjects\pythonProject1">
<suite id="s1-s1" name="Tests" source="C:\Users\masen\PycharmProjects\pythonProject1\tests">
<suite id="s1-s1-s1" name="testDemo1" source="C:\Users\masen\PycharmProjects\pythonProject1\tests\testDemo1.robot">
<test id="s1-s1-s1-t1" name="Validate Unsuccessful Login" line="11">
<kw name="open the browser with the Mortage payment url">
<kw name="Create Webdriver" library="SeleniumLibrary">
<arg>Chrome</arg>
<arg>C:\Users\masen\PycharmProjects\pythonProject1\Drivers\chromedriver</arg>
<doc>Creates an instance of Selenium WebDriver.</doc>
<msg timestamp="20240520 10:25:15.241" level="INFO">Creating an instance of the Chrome WebDriver.</msg>
<status status="PASS" starttime="20240520 10:25:15.240" endtime="20240520 10:25:16.930"/>
</kw>
<kw name="Go To" library="SeleniumLibrary">
<arg>https://rahulshettyacademy.com/loginpagePractise/</arg>
<doc>Navigates the current browser window to the provided ``url``.</doc>
<msg timestamp="20240520 10:25:16.931" level="INFO">Opening url 'https://rahulshettyacademy.com/loginpagePractise/'</msg>
<status status="PASS" starttime="20240520 10:25:16.931" endtime="20240520 10:25:18.394"/>
</kw>
<kw name="Maximize Browser Window" library="SeleniumLibrary">
<doc>Maximizes current browser window.</doc>
<status status="PASS" starttime="20240520 10:25:18.394" endtime="20240520 10:25:18.428"/>
</kw>
<status status="PASS" starttime="20240520 10:25:15.240" endtime="20240520 10:25:18.428"/>
</kw>
<kw name="Fill the login Form">
<kw name="Input Text" library="SeleniumLibrary">
<arg>id:username</arg>
<arg>rahulshettyacademy</arg>
<doc>Types the given ``text`` into the text field identified by ``locator``.</doc>
<msg timestamp="20240520 10:25:18.429" level="INFO">Typing text 'rahulshettyacademy' into text field 'id:username'.</msg>
<status status="PASS" starttime="20240520 10:25:18.429" endtime="20240520 10:25:18.527"/>
</kw>
<kw name="Input Password" library="SeleniumLibrary">
<arg>id:password</arg>
<arg>learninggs</arg>
<doc>Types the given password into the text field identified by ``locator``.</doc>
<msg timestamp="20240520 10:25:18.528" level="INFO">Typing password into text field 'id:password'.</msg>
<msg timestamp="20240520 10:25:18.558" level="INFO">Temporally setting log level to: NONE</msg>
<msg timestamp="20240520 10:25:18.610" level="INFO">Log level changed from NONE to INFO.</msg>
<status status="PASS" starttime="20240520 10:25:18.528" endtime="20240520 10:25:18.610"/>
</kw>
<kw name="Click Button" library="SeleniumLibrary">
<arg>signInBtn</arg>
<doc>Clicks the button identified by ``locator``.</doc>
<msg timestamp="20240520 10:25:18.610" level="INFO">Clicking button 'signInBtn'.</msg>
<status status="PASS" starttime="20240520 10:25:18.610" endtime="20240520 10:25:18.658"/>
</kw>
<status status="PASS" starttime="20240520 10:25:18.428" endtime="20240520 10:25:18.658"/>
</kw>
<kw name="wait until it checks and display error message">
<kw name="Wait Until Element Is Visible" library="SeleniumLibrary">
<arg>${Error_Message_Login}</arg>
<doc>Waits until the element ``locator`` is visible.</doc>
<status status="PASS" starttime="20240520 10:25:18.659" endtime="20240520 10:25:20.783"/>
</kw>
<status status="PASS" starttime="20240520 10:25:18.658" endtime="20240520 10:25:20.783"/>
</kw>
<kw name="verify error message is correct">
<kw name="Get Text" library="SeleniumLibrary">
<var>${result}</var>
<arg>${Error_Message_Login}</arg>
<doc>Returns the text value of the element identified by ``locator``.</doc>
<msg timestamp="20240520 10:25:20.799" level="INFO">${result} = Incorrect username/password.</msg>
<status status="PASS" starttime="20240520 10:25:20.784" endtime="20240520 10:25:20.799"/>
</kw>
<kw name="Should Be Equal As Strings" library="BuiltIn">
<arg>${result}</arg>
<arg>Incorrect username/password.</arg>
<doc>Fails if objects are unequal after converting them to strings.</doc>
<status status="PASS" starttime="20240520 10:25:20.799" endtime="20240520 10:25:20.800"/>
</kw>
<kw name="Element Text Should Be" library="SeleniumLibrary">
<arg>${Error_Message_Login}</arg>
<arg>Incorrect username/password.</arg>
<doc>Verifies that element ``locator`` contains exact the text ``expected``.</doc>
<msg timestamp="20240520 10:25:20.800" level="INFO">Verifying element 'xpath://div[@class='alert alert-danger col-md-12']' contains exact text 'Incorrect username/password.'.</msg>
<status status="PASS" starttime="20240520 10:25:20.800" endtime="20240520 10:25:20.813"/>
</kw>
<status status="PASS" starttime="20240520 10:25:20.783" endtime="20240520 10:25:20.813"/>
</kw>
<kw name="Close Browser" library="SeleniumLibrary" type="TEARDOWN">
<doc>Closes the current browser.</doc>
<status status="PASS" starttime="20240520 10:25:20.814" endtime="20240520 10:25:22.957"/>
</kw>
<status status="PASS" starttime="20240520 10:25:15.239" endtime="20240520 10:25:22.958"/>
</test>
<doc>To Validate the Login form</doc>
<status status="PASS" starttime="20240520 10:25:15.047" endtime="20240520 10:25:22.959"/>
</suite>
<status status="PASS" starttime="20240520 10:25:15.045" endtime="20240520 10:25:22.961"/>
</suite>
<status status="PASS" starttime="20240520 10:25:15.025" endtime="20240520 10:25:22.964"/>
</suite>
<statistics>
<total>
<stat pass="1" fail="0" skip="0">All Tests</stat>
</total>
<tag>
</tag>
<suite>
<stat pass="1" fail="0" skip="0" id="s1" name="pythonProject1">pythonProject1</stat>
<stat pass="1" fail="0" skip="0" id="s1-s1" name="Tests">pythonProject1.Tests</stat>
<stat pass="1" fail="0" skip="0" id="s1-s1-s1" name="testDemo1">pythonProject1.Tests.testDemo1</stat>
</suite>
</statistics>
<errors>
</errors>
</robot>
