<?xml version="1.0" encoding="UTF-8"?>
<robot generator="Robot 6.1.1 (Python 3.8.2 on win32)" generated="20231203 13:44:18.947" rpa="false" schemaversion="4">
<suite id="s1" name="testDemo6" source="C:\Users\masen\PycharmProjects\pythonProject1\tests\testDemo6.robot">
<test id="s1-t1" name="Validate Cards display in the Shopping Page" line="26">
<kw name="open the browser with the Mortage payment url" library="Generic" type="SETUP">
<kw name="Create Webdriver" library="SeleniumLibrary">
<arg>Chrome</arg>
<arg>C:\Users\masen\PycharmProjects\pythonProject1\Drivers\chromedriver</arg>
<doc>Creates an instance of Selenium WebDriver.</doc>
<msg timestamp="20231203 13:44:19.255" level="INFO">Creating an instance of the Chrome WebDriver.</msg>
<status status="PASS" starttime="20231203 13:44:19.254" endtime="20231203 13:44:22.295"/>
</kw>
<kw name="Go To" library="SeleniumLibrary">
<arg>${url}</arg>
<doc>Navigates the current browser window to the provided ``url``.</doc>
<msg timestamp="20231203 13:44:22.296" level="INFO">Opening url 'https://rahulshettyacademy.com/loginpagePractise/'</msg>
<status status="PASS" starttime="20231203 13:44:22.295" endtime="20231203 13:44:23.316"/>
</kw>
<kw name="Maximize Browser Window" library="SeleniumLibrary">
<doc>Maximizes current browser window.</doc>
<status status="PASS" starttime="20231203 13:44:23.317" endtime="20231203 13:44:23.443"/>
</kw>
<status status="PASS" starttime="20231203 13:44:19.253" endtime="20231203 13:44:23.443"/>
</kw>
<kw name="Fill the login Form" library="LandingPage">
<arg>${userName}</arg>
<arg>${validPassword}</arg>
<kw name="Input Text" library="SeleniumLibrary">
<arg>id:username</arg>
<arg>${username}</arg>
<doc>Types the given ``text`` into the text field identified by ``locator``.</doc>
<msg timestamp="20231203 13:44:23.446" level="INFO">Typing text 'rahulshettyacademy' into text field 'id:username'.</msg>
<status status="PASS" starttime="20231203 13:44:23.444" endtime="20231203 13:44:23.648"/>
</kw>
<kw name="Input Password" library="SeleniumLibrary">
<arg>id:password</arg>
<arg>${password}</arg>
<doc>Types the given password into the text field identified by ``locator``.</doc>
<msg timestamp="20231203 13:44:23.649" level="INFO">Typing password into text field 'id:password'.</msg>
<msg timestamp="20231203 13:44:23.709" level="INFO">Temporally setting log level to: NONE</msg>
<msg timestamp="20231203 13:44:23.763" level="INFO">Log level changed from NONE to INFO.</msg>
<status status="PASS" starttime="20231203 13:44:23.648" endtime="20231203 13:44:23.763"/>
</kw>
<kw name="Click Button" library="SeleniumLibrary">
<arg>signInBtn</arg>
<doc>Clicks the button identified by ``locator``.</doc>
<msg timestamp="20231203 13:44:23.764" level="INFO">Clicking button 'signInBtn'.</msg>
<status status="PASS" starttime="20231203 13:44:23.763" endtime="20231203 13:44:23.824"/>
</kw>
<status status="PASS" starttime="20231203 13:44:23.443" endtime="20231203 13:44:23.824"/>
</kw>
<kw name="wait untill Element is located in the page" library="ShopPage">
<kw name="wait untill element passed in the page" library="Generic">
<arg>${Shop_page_load}</arg>
<kw name="Wait Until Element Is Visible" library="SeleniumLibrary">
<arg>${page_locator}</arg>
<doc>Waits until the element ``locator`` is visible.</doc>
<status status="PASS" starttime="20231203 13:44:23.826" endtime="20231203 13:44:27.755"/>
</kw>
<status status="PASS" starttime="20231203 13:44:23.825" endtime="20231203 13:44:27.755"/>
</kw>
<status status="PASS" starttime="20231203 13:44:23.825" endtime="20231203 13:44:27.755"/>
</kw>
<kw name="Verify Card titles in the Shop page" library="ShopPage">
<kw name="Create List" library="BuiltIn">
<var>@{expectedList}</var>
<arg>iphone X</arg>
<arg>Samsung Note 8</arg>
<arg>Nokia Edge</arg>
<arg>Blackberry</arg>
<doc>Returns a list containing given items.</doc>
<msg timestamp="20231203 13:44:27.756" level="INFO">@{expectedList} = [ iphone X | Samsung Note 8 | Nokia Edge | Blackberry ]</msg>
<status status="PASS" starttime="20231203 13:44:27.756" endtime="20231203 13:44:27.756"/>
</kw>
<kw name="Get WebElements" library="SeleniumLibrary">
<var>${elements}</var>
<arg>xpath://h4[@class='card-title']</arg>
<doc>Returns a list of WebElement objects matching the ``locator``.</doc>
<msg timestamp="20231203 13:44:27.766" level="INFO">${elements} = [&lt;selenium.webdriver.remote.webelement.WebElement (session="19cb6fbeabca033f7d6a44330b7bec6b", element="30CCDC753E3DA66DC5B7A0894E650A0B_element_90")&gt;, &lt;selenium.webdriver.remote.webelement.WebElement...</msg>
<status status="PASS" starttime="20231203 13:44:27.756" endtime="20231203 13:44:27.766"/>
</kw>
<kw name="Create List" library="BuiltIn">
<var>@{actualList}</var>
<doc>Returns a list containing given items.</doc>
<msg timestamp="20231203 13:44:27.767" level="INFO">@{actualList} = [ ]</msg>
<status status="PASS" starttime="20231203 13:44:27.766" endtime="20231203 13:44:27.767"/>
</kw>
<for flavor="IN">
<var>${element}</var>
<value>@{elements}</value>
<iter>
<var name="${element}">&lt;selenium.webdriver.remote.webelement.WebElement (session="19cb6fbeabca033f7d6a44330b7bec6b", element="30CCDC753E3DA66DC5B7A0894E650A0B_element_90")&gt;</var>
<kw name="Log" library="BuiltIn">
<arg>${element.text}</arg>
<doc>Logs the given message with the given level.</doc>
<msg timestamp="20231203 13:44:27.779" level="INFO">iphone X</msg>
<status status="PASS" starttime="20231203 13:44:27.767" endtime="20231203 13:44:27.780"/>
</kw>
<kw name="Append To List" library="Collections">
<arg>${actualList}</arg>
<arg>${element.text}</arg>
<doc>Adds ``values`` to the end of ``list``.</doc>
<status status="PASS" starttime="20231203 13:44:27.780" endtime="20231203 13:44:27.788"/>
</kw>
<status status="PASS" starttime="20231203 13:44:27.767" endtime="20231203 13:44:27.788"/>
</iter>
<iter>
<var name="${element}">&lt;selenium.webdriver.remote.webelement.WebElement (session="19cb6fbeabca033f7d6a44330b7bec6b", element="30CCDC753E3DA66DC5B7A0894E650A0B_element_91")&gt;</var>
<kw name="Log" library="BuiltIn">
<arg>${element.text}</arg>
<doc>Logs the given message with the given level.</doc>
<msg timestamp="20231203 13:44:27.796" level="INFO">Samsung Note 8</msg>
<status status="PASS" starttime="20231203 13:44:27.788" endtime="20231203 13:44:27.796"/>
</kw>
<kw name="Append To List" library="Collections">
<arg>${actualList}</arg>
<arg>${element.text}</arg>
<doc>Adds ``values`` to the end of ``list``.</doc>
<status status="PASS" starttime="20231203 13:44:27.796" endtime="20231203 13:44:27.803"/>
</kw>
<status status="PASS" starttime="20231203 13:44:27.788" endtime="20231203 13:44:27.803"/>
</iter>
<iter>
<var name="${element}">&lt;selenium.webdriver.remote.webelement.WebElement (session="19cb6fbeabca033f7d6a44330b7bec6b", element="30CCDC753E3DA66DC5B7A0894E650A0B_element_92")&gt;</var>
<kw name="Log" library="BuiltIn">
<arg>${element.text}</arg>
<doc>Logs the given message with the given level.</doc>
<msg timestamp="20231203 13:44:27.811" level="INFO">Nokia Edge</msg>
<status status="PASS" starttime="20231203 13:44:27.804" endtime="20231203 13:44:27.811"/>
</kw>
<kw name="Append To List" library="Collections">
<arg>${actualList}</arg>
<arg>${element.text}</arg>
<doc>Adds ``values`` to the end of ``list``.</doc>
<status status="PASS" starttime="20231203 13:44:27.811" endtime="20231203 13:44:27.819"/>
</kw>
<status status="PASS" starttime="20231203 13:44:27.803" endtime="20231203 13:44:27.819"/>
</iter>
<iter>
<var name="${element}">&lt;selenium.webdriver.remote.webelement.WebElement (session="19cb6fbeabca033f7d6a44330b7bec6b", element="30CCDC753E3DA66DC5B7A0894E650A0B_element_93")&gt;</var>
<kw name="Log" library="BuiltIn">
<arg>${element.text}</arg>
<doc>Logs the given message with the given level.</doc>
<msg timestamp="20231203 13:44:27.827" level="INFO">Blackberry</msg>
<status status="PASS" starttime="20231203 13:44:27.819" endtime="20231203 13:44:27.828"/>
</kw>
<kw name="Append To List" library="Collections">
<arg>${actualList}</arg>
<arg>${element.text}</arg>
<doc>Adds ``values`` to the end of ``list``.</doc>
<status status="PASS" starttime="20231203 13:44:27.828" endtime="20231203 13:44:27.835"/>
</kw>
<status status="PASS" starttime="20231203 13:44:27.819" endtime="20231203 13:44:27.835"/>
</iter>
<status status="PASS" starttime="20231203 13:44:27.767" endtime="20231203 13:44:27.835"/>
</for>
<kw name="Lists Should Be Equal" library="Collections">
<arg>${expectedList}</arg>
<arg>${actualList}</arg>
<doc>Fails if given lists are unequal.</doc>
<status status="PASS" starttime="20231203 13:44:27.836" endtime="20231203 13:44:27.836"/>
</kw>
<status status="PASS" starttime="20231203 13:44:27.755" endtime="20231203 13:44:27.836"/>
</kw>
<kw name="Add Items To Cart And Checkout" library="Shop">
<arg>${listofProducts}</arg>
<msg timestamp="20231203 13:44:27.863" level="INFO">Clicking button 'xpath:(//div[@class='card-footer'])[3]/button'.</msg>
<msg timestamp="20231203 13:44:27.930" level="INFO">Clicking button 'xpath:(//div[@class='card-footer'])[4]/button'.</msg>
<msg timestamp="20231203 13:44:27.981" level="INFO">Clicking link 'xpath://a[@class='nav-link btn btn-primary']'.</msg>
<status status="PASS" starttime="20231203 13:44:27.836" endtime="20231203 13:44:28.044"/>
</kw>
<kw name="Verify items in the checkoutpage and proceed" library="CheckoutPage">
<kw name="Table Column Should Contain" library="SeleniumLibrary">
<arg>xpath://table[@class='table table-hover']</arg>
<arg>1</arg>
<arg>Nokia Edge</arg>
<doc>Verifies table column contains text ``expected``.</doc>
<status status="PASS" starttime="20231203 13:44:28.045" endtime="20231203 13:44:28.099"/>
</kw>
<kw name="Table Column Should Contain" library="SeleniumLibrary">
<arg>xpath://table[@class='table table-hover']</arg>
<arg>1</arg>
<arg>Blackberry</arg>
<doc>Verifies table column contains text ``expected``.</doc>
<status status="PASS" starttime="20231203 13:44:28.099" endtime="20231203 13:44:28.161"/>
</kw>
<kw name="Click Button" library="SeleniumLibrary">
<arg>xpath://button[@class='btn btn-success']</arg>
<doc>Clicks the button identified by ``locator``.</doc>
<msg timestamp="20231203 13:44:28.161" level="INFO">Clicking button 'xpath://button[@class='btn btn-success']'.</msg>
<status status="PASS" starttime="20231203 13:44:28.161" endtime="20231203 13:44:28.225"/>
</kw>
<status status="PASS" starttime="20231203 13:44:28.044" endtime="20231203 13:44:28.225"/>
</kw>
<kw name="select country and proceeed" library="ConfirmationPage">
<arg>${country_name}</arg>
<kw name="Input Text" library="SeleniumLibrary">
<arg>id:country</arg>
<arg>${country_name}</arg>
<doc>Types the given ``text`` into the text field identified by ``locator``.</doc>
<msg timestamp="20231203 13:44:28.226" level="INFO">Typing text 'Macedonia' into text field 'id:country'.</msg>
<status status="PASS" starttime="20231203 13:44:28.226" endtime="20231203 13:44:28.300"/>
</kw>
<kw name="Sleep" library="BuiltIn">
<arg>3</arg>
<doc>Pauses the test executed for the given time.</doc>
<msg timestamp="20231203 13:44:31.302" level="INFO">Slept 3 seconds</msg>
<status status="PASS" starttime="20231203 13:44:28.300" endtime="20231203 13:44:31.302"/>
</kw>
<kw name="wait untill element passed in the page" library="Generic">
<arg>xpath://a[text()='${country_name}']</arg>
<kw name="Wait Until Element Is Visible" library="SeleniumLibrary">
<arg>${page_locator}</arg>
<doc>Waits until the element ``locator`` is visible.</doc>
<status status="PASS" starttime="20231203 13:44:31.303" endtime="20231203 13:44:33.505"/>
</kw>
<status status="PASS" starttime="20231203 13:44:31.302" endtime="20231203 13:44:33.505"/>
</kw>
<kw name="Sleep" library="BuiltIn">
<arg>3</arg>
<doc>Pauses the test executed for the given time.</doc>
<msg timestamp="20231203 13:44:36.508" level="INFO">Slept 3 seconds</msg>
<status status="PASS" starttime="20231203 13:44:33.505" endtime="20231203 13:44:36.508"/>
</kw>
<kw name="Click Element" library="SeleniumLibrary">
<arg>xpath://a[text()='${country_name}']</arg>
<doc>Click the element identified by ``locator``.</doc>
<msg timestamp="20231203 13:44:36.509" level="INFO">Clicking element 'xpath://a[text()='Macedonia']'.</msg>
<status status="PASS" starttime="20231203 13:44:36.508" endtime="20231203 13:44:36.543"/>
</kw>
<kw name="Click Element" library="SeleniumLibrary">
<arg>xpath://div[@class='checkbox checkbox-primary']</arg>
<doc>Click the element identified by ``locator``.</doc>
<msg timestamp="20231203 13:44:36.544" level="INFO">Clicking element 'xpath://div[@class='checkbox checkbox-primary']'.</msg>
<status status="PASS" starttime="20231203 13:44:36.543" endtime="20231203 13:44:36.588"/>
</kw>
<kw name="Click Button" library="SeleniumLibrary">
<arg>xpath://input[@type='submit']</arg>
<doc>Clicks the button identified by ``locator``.</doc>
<msg timestamp="20231203 13:44:36.589" level="INFO">Clicking button 'xpath://input[@type='submit']'.</msg>
<status status="PASS" starttime="20231203 13:44:36.588" endtime="20231203 13:44:36.650"/>
</kw>
<status status="PASS" starttime="20231203 13:44:28.225" endtime="20231203 13:44:36.650"/>
</kw>
<kw name="Verify successful purchase" library="ConfirmationPage">
<kw name="Page Should Contain" library="SeleniumLibrary">
<arg>Success!</arg>
<doc>Verifies that current page contains ``text``.</doc>
<msg timestamp="20231203 13:44:36.671" level="INFO">Current page contains text 'Success!'.</msg>
<status status="PASS" starttime="20231203 13:44:36.651" endtime="20231203 13:44:36.671"/>
</kw>
<status status="PASS" starttime="20231203 13:44:36.650" endtime="20231203 13:44:36.671"/>
</kw>
<kw name="Sleep" library="BuiltIn">
<arg>2</arg>
<doc>Pauses the test executed for the given time.</doc>
<msg timestamp="20231203 13:44:38.685" level="INFO">Slept 2 seconds</msg>
<status status="PASS" starttime="20231203 13:44:36.671" endtime="20231203 13:44:38.685"/>
</kw>
<kw name="Close Browser" library="SeleniumLibrary" type="TEARDOWN">
<doc>Closes the current browser.</doc>
<status status="PASS" starttime="20231203 13:44:38.685" endtime="20231203 13:44:40.820"/>
</kw>
<status status="PASS" starttime="20231203 13:44:19.252" endtime="20231203 13:44:40.820"/>
</test>
<doc>To Validate the Login form</doc>
<status status="PASS" starttime="20231203 13:44:18.979" endtime="20231203 13:44:40.821"/>
</suite>
<statistics>
<total>
<stat pass="1" fail="0" skip="0">All Tests</stat>
</total>
<tag>
</tag>
<suite>
<stat pass="1" fail="0" skip="0" id="s1" name="testDemo6">testDemo6</stat>
</suite>
</statistics>
<errors>
</errors>
</robot>
