<?xml version="1.0" encoding="UTF-8"?>
<robot generator="Robot 6.1.1 (Python 3.8.2 on win32)" generated="20231203 13:44:18.946" rpa="false" schemaversion="4">
<suite id="s1" name="testDemo6" source="C:\Users\masen\PycharmProjects\pythonProject1\tests\testDemo6.robot">
<test id="s1-t1" name="Select the form and davigate to Child window" line="36">
<kw name="open the browser with the Mortage payment url" library="Generic" type="SETUP">
<kw name="Create Webdriver" library="SeleniumLibrary">
<arg>Chrome</arg>
<arg>C:\Users\masen\PycharmProjects\pythonProject1\Drivers\chromedriver</arg>
<doc>Creates an instance of Selenium WebDriver.</doc>
<msg timestamp="20231203 13:44:19.255" level="INFO">Creating an instance of the Chrome WebDriver.</msg>
<status status="PASS" starttime="20231203 13:44:19.254" endtime="20231203 13:44:21.700"/>
</kw>
<kw name="Go To" library="SeleniumLibrary">
<arg>${url}</arg>
<doc>Navigates the current browser window to the provided ``url``.</doc>
<msg timestamp="20231203 13:44:21.701" level="INFO">Opening url 'https://rahulshettyacademy.com/loginpagePractise/'</msg>
<status status="PASS" starttime="20231203 13:44:21.701" endtime="20231203 13:44:22.795"/>
</kw>
<kw name="Maximize Browser Window" library="SeleniumLibrary">
<doc>Maximizes current browser window.</doc>
<status status="PASS" starttime="20231203 13:44:22.796" endtime="20231203 13:44:22.971"/>
</kw>
<status status="PASS" starttime="20231203 13:44:19.253" endtime="20231203 13:44:22.974"/>
</kw>
<kw name="Fill the Login Details and select the User option" library="LandingPage">
<kw name="Input Text" library="SeleniumLibrary">
<arg>id:username</arg>
<arg>rahulshettyacademy</arg>
<doc>Types the given ``text`` into the text field identified by ``locator``.</doc>
<msg timestamp="20231203 13:44:22.976" level="INFO">Typing text 'rahulshettyacademy' into text field 'id:username'.</msg>
<status status="PASS" starttime="20231203 13:44:22.975" endtime="20231203 13:44:23.215"/>
</kw>
<kw name="Input Password" library="SeleniumLibrary">
<arg>id:password</arg>
<arg>learning</arg>
<doc>Types the given password into the text field identified by ``locator``.</doc>
<msg timestamp="20231203 13:44:23.216" level="INFO">Typing password into text field 'id:password'.</msg>
<msg timestamp="20231203 13:44:23.265" level="INFO">Temporally setting log level to: NONE</msg>
<msg timestamp="20231203 13:44:23.307" level="INFO">Log level changed from NONE to INFO.</msg>
<status status="PASS" starttime="20231203 13:44:23.215" endtime="20231203 13:44:23.307"/>
</kw>
<kw name="Click Element" library="SeleniumLibrary">
<arg>usertype</arg>
<doc>Click the element identified by ``locator``.</doc>
<msg timestamp="20231203 13:44:23.308" level="INFO">Clicking element 'usertype'.</msg>
<status status="PASS" starttime="20231203 13:44:23.307" endtime="20231203 13:44:23.382"/>
</kw>
<kw name="Select From List By Value" library="SeleniumLibrary">
<arg>xpath://select[@class='form-control']</arg>
<arg>teach</arg>
<doc>Selects options from selection list ``locator`` by ``values``.</doc>
<msg timestamp="20231203 13:44:23.383" level="INFO">Selecting options from selection list 'xpath://select[@class='form-control']' by value teach.</msg>
<status status="PASS" starttime="20231203 13:44:23.383" endtime="20231203 13:44:23.457"/>
</kw>
<status status="PASS" starttime="20231203 13:44:22.974" endtime="20231203 13:44:23.457"/>
</kw>
<kw name="Click Button" library="SeleniumLibrary">
<arg>signInBtn</arg>
<doc>Clicks the button identified by ``locator``.</doc>
<msg timestamp="20231203 13:44:23.460" level="INFO">Clicking button 'signInBtn'.</msg>
<status status="PASS" starttime="20231203 13:44:23.457" endtime="20231203 13:44:23.567"/>
</kw>
<kw name="Close Browser" library="SeleniumLibrary" type="TEARDOWN">
<doc>Closes the current browser.</doc>
<status status="PASS" starttime="20231203 13:44:23.567" endtime="20231203 13:44:25.707"/>
</kw>
<status status="PASS" starttime="20231203 13:44:19.252" endtime="20231203 13:44:25.708"/>
</test>
<doc>To Validate the Login form</doc>
<status status="PASS" starttime="20231203 13:44:18.979" endtime="20231203 13:44:25.712"/>
</suite>
<statistics>
<total>
<stat pass="1" fail="0" skip="0">All Tests</stat>
</total>
<tag>
</tag>
<suite>
<stat pass="1" fail="0" skip="0" id="s1" name="testDemo6">testDemo6</stat>
</suite>
</statistics>
<errors>
</errors>
</robot>
