<?xml version="1.0" encoding="UTF-8"?>
<robot generator="Robot 6.1.1 (Python 3.8.2 on win32)" generated="20231206 12:48:26.315" rpa="false" schemaversion="4">
<suite id="s1" name="testAPI" source="C:\Users\masen\PycharmProjects\pythonProject1\tests\apitests\testAPI.robot">
<test id="s1-t1" name="Play around with Dictionary" line="12">
<kw name="Create Dictionary" library="BuiltIn">
<var>&amp;{data}</var>
<arg>name=kostadin</arg>
<arg>course=robot</arg>
<arg>website=rahulshettyacademy.com</arg>
<doc>Creates and returns a dictionary based on the given ``items``.</doc>
<msg timestamp="20231206 12:48:26.422" level="INFO">&amp;{data} = { name=kostadin | course=robot | website=rahulshettyacademy.com }</msg>
<status status="PASS" starttime="20231206 12:48:26.422" endtime="20231206 12:48:26.422"/>
</kw>
<kw name="Log" library="BuiltIn">
<arg>${data}</arg>
<doc>Logs the given message with the given level.</doc>
<msg timestamp="20231206 12:48:26.423" level="INFO">{'name': 'kostadin', 'course': 'robot', 'website': 'rahulshettyacademy.com'}</msg>
<status status="PASS" starttime="20231206 12:48:26.422" endtime="20231206 12:48:26.423"/>
</kw>
<kw name="Dictionary Should Contain Key" library="Collections">
<arg>${data}</arg>
<arg>name</arg>
<doc>Fails if ``key`` is not found from ``dictionary``.</doc>
<status status="PASS" starttime="20231206 12:48:26.423" endtime="20231206 12:48:26.423"/>
</kw>
<kw name="Log" library="BuiltIn">
<arg>${data}[name]</arg>
<doc>Logs the given message with the given level.</doc>
<msg timestamp="20231206 12:48:26.424" level="INFO">kostadin</msg>
<status status="PASS" starttime="20231206 12:48:26.424" endtime="20231206 12:48:26.424"/>
</kw>
<kw name="Get From Dictionary" library="Collections">
<var>${url}</var>
<arg>${data}</arg>
<arg>website</arg>
<doc>Returns a value from the given ``dictionary`` based on the given ``key``.</doc>
<msg timestamp="20231206 12:48:26.424" level="INFO">${url} = rahulshettyacademy.com</msg>
<status status="PASS" starttime="20231206 12:48:26.424" endtime="20231206 12:48:26.424"/>
</kw>
<kw name="Log" library="BuiltIn">
<arg>${url}</arg>
<doc>Logs the given message with the given level.</doc>
<msg timestamp="20231206 12:48:26.425" level="INFO">rahulshettyacademy.com</msg>
<status status="PASS" starttime="20231206 12:48:26.425" endtime="20231206 12:48:26.425"/>
</kw>
<status status="PASS" starttime="20231206 12:48:26.421" endtime="20231206 12:48:26.425"/>
</test>
<test id="s1-t2" name="Add book into Library DataBase" line="22">
<kw name="Create Dictionary" library="BuiltIn">
<var>${json_data}</var>
<arg>name=${book_name}</arg>
<arg>isbn=bcddee1222</arg>
<arg>aisle=227</arg>
<arg>author=John foe</arg>
<doc>Creates and returns a dictionary based on the given ``items``.</doc>
<msg timestamp="20231206 12:48:26.427" level="INFO">${json_data} = {'name': 'RobotFramework', 'isbn': 'bcddee1222', 'aisle': '227', 'author': 'John foe'}</msg>
<status status="PASS" starttime="20231206 12:48:26.426" endtime="20231206 12:48:26.427"/>
</kw>
<kw name="POST" library="RequestsLibrary">
<var>${response}</var>
<arg>${base_url}/Library/Addbook.php</arg>
<arg>json=${json_data}</arg>
<arg>expected_status=200</arg>
<doc>Sends a POST request.</doc>
<msg timestamp="20231206 12:48:26.819" level="INFO">POST Request : url=http://216.10.245.166/Library/Addbook.php 
 path_url=/Library/Addbook.php 
 headers={'User-Agent': 'python-requests/2.31.0', 'Accept-Encoding': 'gzip, deflate', 'Accept': '*/*', 'Connection': 'keep-alive', 'Content-Length': '86', 'Content-Type': 'application/json'} 
 body=b'{"name": "RobotFramework", "isbn": "bcddee1222", "aisle": "227", "author": "John foe"}' 
 </msg>
<msg timestamp="20231206 12:48:26.820" level="INFO">POST Response : url=http://216.10.245.166/Library/Addbook.php 
 status=200, reason=OK 
 headers={'Date': 'Wed, 06 Dec 2023 11:48:25 GMT', 'Server': 'Apache', 'Access-Control-Allow-Origin': '*', 'Access-Control-Allow-Methods': 'POST', 'Access-Control-Max-Age': '3600', 'Access-Control-Allow-Headers': 'Content-Type, Access-Control-Allow-Headers, Authorization, X-Requested-With', 'Keep-Alive': 'timeout=5, max=100', 'Connection': 'Keep-Alive', 'Transfer-Encoding': 'chunked', 'Content-Type': 'application/json;charset=UTF-8'} 
 body={"Msg":"successfully added","ID":"bcddee1222227"} 
 </msg>
<msg timestamp="20231206 12:48:26.820" level="INFO">${response} = &lt;Response [200]&gt;</msg>
<status status="PASS" starttime="20231206 12:48:26.427" endtime="20231206 12:48:26.820"/>
</kw>
<kw name="Log" library="BuiltIn">
<arg>${response.json()}</arg>
<doc>Logs the given message with the given level.</doc>
<msg timestamp="20231206 12:48:26.821" level="INFO">{'Msg': 'successfully added', 'ID': 'bcddee1222227'}</msg>
<status status="PASS" starttime="20231206 12:48:26.820" endtime="20231206 12:48:26.821"/>
</kw>
<kw name="Dictionary Should Contain Key" library="Collections">
<arg>${response.json()}</arg>
<arg>ID</arg>
<doc>Fails if ``key`` is not found from ``dictionary``.</doc>
<status status="PASS" starttime="20231206 12:48:26.821" endtime="20231206 12:48:26.822"/>
</kw>
<kw name="Get From Dictionary" library="Collections">
<var>${book_id}</var>
<arg>${response.json()}</arg>
<arg>ID</arg>
<doc>Returns a value from the given ``dictionary`` based on the given ``key``.</doc>
<msg timestamp="20231206 12:48:26.822" level="INFO">${book_id} = bcddee1222227</msg>
<status status="PASS" starttime="20231206 12:48:26.822" endtime="20231206 12:48:26.822"/>
</kw>
<kw name="Set Global Variable" library="BuiltIn">
<arg>${book_id}</arg>
<doc>Makes a variable available globally in all tests and suites.</doc>
<msg timestamp="20231206 12:48:26.823" level="INFO">${book_id} = bcddee1222227</msg>
<status status="PASS" starttime="20231206 12:48:26.823" endtime="20231206 12:48:26.823"/>
</kw>
<kw name="Log" library="BuiltIn">
<arg>${book_id}</arg>
<doc>Logs the given message with the given level.</doc>
<msg timestamp="20231206 12:48:26.824" level="INFO">bcddee1222227</msg>
<status status="PASS" starttime="20231206 12:48:26.823" endtime="20231206 12:48:26.824"/>
</kw>
<kw name="Should Be Equal As Strings" library="BuiltIn">
<arg>successfully added</arg>
<arg>${response.json()}[Msg]</arg>
<doc>Fails if objects are unequal after converting them to strings.</doc>
<status status="PASS" starttime="20231206 12:48:26.824" endtime="20231206 12:48:26.824"/>
</kw>
<kw name="Status Should Be" library="RequestsLibrary">
<arg>200</arg>
<arg>${response}</arg>
<doc>Fails if response status code is different than the expected.</doc>
<status status="PASS" starttime="20231206 12:48:26.825" endtime="20231206 12:48:26.825"/>
</kw>
<status status="PASS" starttime="20231206 12:48:26.426" endtime="20231206 12:48:26.825"/>
</test>
<test id="s1-t3" name="Get the Book details which we added" line="34">
<kw name="GET" library="RequestsLibrary">
<var>${get_response}</var>
<arg>${base_url}/Library/GetBook.php</arg>
<arg>params=ID=${book_id}</arg>
<arg>expected_status=200</arg>
<doc>Sends a GET request.</doc>
<msg timestamp="20231206 12:48:27.205" level="INFO">GET Request : url=http://216.10.245.166/Library/GetBook.php?ID=bcddee1222227 
 path_url=/Library/GetBook.php?ID=bcddee1222227 
 headers={'User-Agent': 'python-requests/2.31.0', 'Accept-Encoding': 'gzip, deflate', 'Accept': '*/*', 'Connection': 'keep-alive'} 
 body=None 
 </msg>
<msg timestamp="20231206 12:48:27.205" level="INFO">GET Response : url=http://216.10.245.166/Library/GetBook.php?ID=bcddee1222227 
 status=200, reason=OK 
 headers={'Date': 'Wed, 06 Dec 2023 11:48:26 GMT', 'Server': 'Apache', 'Access-Control-Allow-Origin': '*', 'Access-Control-Allow-Methods': 'POST', 'Access-Control-Max-Age': '3600', 'Access-Control-Allow-Headers': 'Content-Type, Access-Control-Allow-Headers, Authorization, X-Requested-With', 'Keep-Alive': 'timeout=5, max=100', 'Connection': 'Keep-Alive', 'Transfer-Encoding': 'chunked', 'Content-Type': 'application/json;charset=UTF-8'} 
 body=[{"book_name":"RobotFramework","isbn":"bcddee1222","aisle":"227","author":"John foe"}] 
 </msg>
<msg timestamp="20231206 12:48:27.206" level="INFO">${get_response} = &lt;Response [200]&gt;</msg>
<status status="PASS" starttime="20231206 12:48:26.827" endtime="20231206 12:48:27.206"/>
</kw>
<kw name="Log" library="BuiltIn">
<arg>${get_response.json()}</arg>
<doc>Logs the given message with the given level.</doc>
<msg timestamp="20231206 12:48:27.210" level="INFO">[{'book_name': 'RobotFramework', 'isbn': 'bcddee1222', 'aisle': '227', 'author': 'John foe'}]</msg>
<status status="PASS" starttime="20231206 12:48:27.207" endtime="20231206 12:48:27.210"/>
</kw>
<kw name="Should Be Equal As Strings" library="BuiltIn">
<arg>${book_name}</arg>
<arg>${get_response.json()}[0][book_name]</arg>
<doc>Fails if objects are unequal after converting them to strings.</doc>
<status status="PASS" starttime="20231206 12:48:27.211" endtime="20231206 12:48:27.213"/>
</kw>
<status status="PASS" starttime="20231206 12:48:26.826" endtime="20231206 12:48:27.213"/>
</test>
<test id="s1-t4" name="Delete book from database" line="39">
<kw name="Create Dictionary" library="BuiltIn">
<var>&amp;{delete_req}</var>
<arg>ID=${book_id}</arg>
<doc>Creates and returns a dictionary based on the given ``items``.</doc>
<msg timestamp="20231206 12:48:27.214" level="INFO">&amp;{delete_req} = { ID=bcddee1222227 }</msg>
<status status="PASS" starttime="20231206 12:48:27.214" endtime="20231206 12:48:27.214"/>
</kw>
<kw name="POST" library="RequestsLibrary">
<var>${delete_resp}</var>
<arg>${base_url}/Library/DeleteBook.php</arg>
<arg>json=${delete_req}</arg>
<arg>expected_status=200</arg>
<doc>Sends a POST request.</doc>
<msg timestamp="20231206 12:48:27.594" level="INFO">POST Request : url=http://216.10.245.166/Library/DeleteBook.php 
 path_url=/Library/DeleteBook.php 
 headers={'User-Agent': 'python-requests/2.31.0', 'Accept-Encoding': 'gzip, deflate', 'Accept': '*/*', 'Connection': 'keep-alive', 'Content-Length': '23', 'Content-Type': 'application/json'} 
 body=b'{"ID": "bcddee1222227"}' 
 </msg>
<msg timestamp="20231206 12:48:27.594" level="INFO">POST Response : url=http://216.10.245.166/Library/DeleteBook.php 
 status=200, reason=OK 
 headers={'Date': 'Wed, 06 Dec 2023 11:48:26 GMT', 'Server': 'Apache', 'Access-Control-Allow-Origin': '*', 'Access-Control-Allow-Methods': 'POST', 'Access-Control-Max-Age': '3600', 'Access-Control-Allow-Headers': 'Content-Type, Access-Control-Allow-Headers, Authorization, X-Requested-With', 'Keep-Alive': 'timeout=5, max=100', 'Connection': 'Keep-Alive', 'Transfer-Encoding': 'chunked', 'Content-Type': 'application/json;charset=UTF-8'} 
 body={"msg":"book is successfully deleted"} 
 </msg>
<msg timestamp="20231206 12:48:27.594" level="INFO">${delete_resp} = &lt;Response [200]&gt;</msg>
<status status="PASS" starttime="20231206 12:48:27.215" endtime="20231206 12:48:27.595"/>
</kw>
<kw name="Log" library="BuiltIn">
<arg>${delete_resp.json()}</arg>
<doc>Logs the given message with the given level.</doc>
<msg timestamp="20231206 12:48:27.598" level="INFO">{'msg': 'book is successfully deleted'}</msg>
<status status="PASS" starttime="20231206 12:48:27.596" endtime="20231206 12:48:27.598"/>
</kw>
<kw name="Should Be Equal As Strings" library="BuiltIn">
<arg>book is successfully deleted</arg>
<arg>${delete_resp.json()}[msg]</arg>
<doc>Fails if objects are unequal after converting them to strings.</doc>
<status status="PASS" starttime="20231206 12:48:27.599" endtime="20231206 12:48:27.602"/>
</kw>
<status status="PASS" starttime="20231206 12:48:27.214" endtime="20231206 12:48:27.603"/>
</test>
<status status="PASS" starttime="20231206 12:48:26.317" endtime="20231206 12:48:27.607"/>
</suite>
<statistics>
<total>
<stat pass="4" fail="0" skip="0">All Tests</stat>
</total>
<tag>
</tag>
<suite>
<stat pass="4" fail="0" skip="0" id="s1" name="testAPI">testAPI</stat>
</suite>
</statistics>
<errors>
</errors>
</robot>
